生成启动时间为 2018/1/6 12:53:30。
     1>项目“H:\OpenGL\glfw-3.2.1\bulid\examples\gears.vcxproj”在节点 5 上(build 个目标)。
     1>InitializeBuildStatus:
         正在创建“gears.dir\Debug\gears.unsuccessfulbuild”，因为已指定“AlwaysCreate”。
       CustomBuild:
         Building Custom Rule H:/OpenGL/glfw-3.2.1/examples/CMakeLists.txt
         CMake does not need to re-run because H:/OpenGL/glfw-3.2.1/bulid/examples/CMakeFiles/generate.stamp is up-to-date.
       ClCompile:
         F:\visual studio2010\VC\bin\CL.exe /c /I"H:\OpenGL\glfw-3.2.1\deps" /I"H:\OpenGL\glfw-3.2.1\include" /Zi /nologo /W3 /WX- /Od /Ob0 /Oy- /D WIN32 /D _WINDOWS /D _CRT_SECURE_NO_WARNINGS /D "CMAKE_INTDIR=\"Debug\"" /D _MBCS /Gm- /RTC1 /MDd /GS /fp:precise /Zc:wchar_t /Zc:forScope /Fo"gears.dir\Debug\\" /Fd"gears.dir\Debug\vc100.pdb" /Gd /TC /analyze- /errorReport:prompt ..\..\examples\gears.c ..\..\deps\glad.c
         gears.c
         glad.c
         正在生成代码...
       ResourceCompile:
         C:\Program Files (x86)\Microsoft SDKs\Windows\v7.0A\bin\rc.exe /D WIN32 /D _DEBUG /D _WINDOWS /D _CRT_SECURE_NO_WARNINGS /D "CMAKE_INTDIR=\\\"Debug\\\"" /l"0x0409" /I"H:\OpenGL\glfw-3.2.1\deps" /I"H:\OpenGL\glfw-3.2.1\include" /nologo /fo"gears.dir\Debug\glfw.res" ..\..\examples\glfw.rc 
       ManifestResourceCompile:
         C:\Program Files (x86)\Microsoft SDKs\Windows\v7.0A\bin\rc.exe /nologo /fo"gears.dir\Debug\gears.exe.embed.manifest.res" gears.dir\Debug\gears_manifest.rc 
       Link:
         F:\visual studio2010\VC\bin\link.exe /ERRORREPORT:PROMPT /OUT:"H:\OpenGL\glfw-3.2.1\bulid\examples\Debug\gears.exe" /INCREMENTAL /NOLOGO ..\src\Debug\glfw3.lib kernel32.lib user32.lib gdi32.lib winspool.lib shell32.lib ole32.lib oleaut32.lib uuid.lib comdlg32.lib advapi32.lib /MANIFEST /ManifestFile:"gears.dir\Debug\gears.exe.intermediate.manifest" /MANIFESTUAC:"level='asInvoker' uiAccess='false'" /DEBUG /PDB:"H:/OpenGL/glfw-3.2.1/bulid/examples/Debug/gears.pdb" /SUBSYSTEM:WINDOWS /TLBID:1 /ENTRY:"mainCRTStartup" /DYNAMICBASE /NXCOMPAT /IMPLIB:"H:/OpenGL/glfw-3.2.1/bulid/examples/Debug/gears.lib" /MACHINE:X86 gears.dir\Debug\glfw.res
         gears.dir\Debug\gears.exe.embed.manifest.res
         gears.dir\Debug\gears.obj
         gears.dir\Debug\glad.obj  /machine:X86
       Manifest:
         C:\Program Files (x86)\Microsoft SDKs\Windows\v7.0A\bin\mt.exe /nologo /verbose /out:"gears.dir\Debug\gears.exe.embed.manifest" /manifest gears.dir\Debug\gears.exe.intermediate.manifest
         C:\Program Files (x86)\Microsoft SDKs\Windows\v7.0A\bin\rc.exe /nologo /fo"gears.dir\Debug\gears.exe.embed.manifest.res" gears.dir\Debug\gears_manifest.rc 
       LinkEmbedManifest:
         F:\visual studio2010\VC\bin\link.exe /ERRORREPORT:PROMPT /OUT:"H:\OpenGL\glfw-3.2.1\bulid\examples\Debug\gears.exe" /INCREMENTAL /NOLOGO ..\src\Debug\glfw3.lib kernel32.lib user32.lib gdi32.lib winspool.lib shell32.lib ole32.lib oleaut32.lib uuid.lib comdlg32.lib advapi32.lib /MANIFEST /ManifestFile:"gears.dir\Debug\gears.exe.intermediate.manifest" /MANIFESTUAC:"level='asInvoker' uiAccess='false'" /DEBUG /PDB:"H:/OpenGL/glfw-3.2.1/bulid/examples/Debug/gears.pdb" /SUBSYSTEM:WINDOWS /TLBID:1 /ENTRY:"mainCRTStartup" /DYNAMICBASE /NXCOMPAT /IMPLIB:"H:/OpenGL/glfw-3.2.1/bulid/examples/Debug/gears.lib" /MACHINE:X86 gears.dir\Debug\glfw.res
         gears.dir\Debug\gears.exe.embed.manifest.res
         gears.dir\Debug\gears.obj
         gears.dir\Debug\glad.obj  /machine:X86
         gears.vcxproj -> H:\OpenGL\glfw-3.2.1\bulid\examples\Debug\gears.exe
       FinalizeBuildStatus:
         正在删除文件“gears.dir\Debug\gears.unsuccessfulbuild”。
         正在对“gears.dir\Debug\gears.lastbuildstate”执行 Touch 任务。
     1>已完成生成项目“H:\OpenGL\glfw-3.2.1\bulid\examples\gears.vcxproj”(build 个目标)的操作。

生成成功。

已用时间 00:00:01.67
