生成启动时间为 2018/1/6 12:53:12。
     1>项目“H:\OpenGL\glfw-3.2.1\bulid\src\glfw.vcxproj”在节点 2 上(build 个目标)。
     1>PrepareForBuild:
         正在创建目录“H:\OpenGL\glfw-3.2.1\bulid\src\Debug\”。
       InitializeBuildStatus:
         正在创建“glfw.dir\Debug\glfw.unsuccessfulbuild”，因为已指定“AlwaysCreate”。
       CustomBuild:
         Building Custom Rule H:/OpenGL/glfw-3.2.1/src/CMakeLists.txt
         CMake does not need to re-run because H:/OpenGL/glfw-3.2.1/bulid/src/CMakeFiles/generate.stamp is up-to-date.
       ClCompile:
         F:\visual studio2010\VC\bin\CL.exe /c /I"H:\OpenGL\glfw-3.2.1\include" /I"H:\OpenGL\glfw-3.2.1\src" /I"H:\OpenGL\glfw-3.2.1\bulid\src" /Zi /nologo /W3 /WX- /Od /Ob0 /Oy- /D WIN32 /D _WINDOWS /D _GLFW_USE_CONFIG_H /D _CRT_SECURE_NO_WARNINGS /D "CMAKE_INTDIR=\"Debug\"" /D _MBCS /Gm- /RTC1 /MDd /GS /fp:precise /Zc:wchar_t /Zc:forScope /Fo"glfw.dir\Debug\\" /Fd"glfw.dir\Debug\vc100.pdb" /Gd /TC /analyze- /errorReport:prompt ..\..\src\context.c ..\..\src\init.c ..\..\src\input.c ..\..\src\monitor.c ..\..\src\vulkan.c ..\..\src\window.c ..\..\src\win32_init.c ..\..\src\win32_joystick.c ..\..\src\win32_monitor.c ..\..\src\win32_time.c ..\..\src\win32_tls.c ..\..\src\win32_window.c ..\..\src\wgl_context.c ..\..\src\egl_context.c
         context.c
         init.c
         input.c
         monitor.c
         vulkan.c
         window.c
         win32_init.c
         win32_joystick.c
         win32_monitor.c
         win32_time.c
         win32_tls.c
         win32_window.c
         wgl_context.c
         egl_context.c
         正在生成代码...
       Lib:
         F:\visual studio2010\VC\bin\Lib.exe /OUT:"H:\OpenGL\glfw-3.2.1\bulid\src\Debug\glfw3.lib" /NOLOGO glfw.dir\Debug\context.obj
         glfw.dir\Debug\init.obj
         glfw.dir\Debug\input.obj
         glfw.dir\Debug\monitor.obj
         glfw.dir\Debug\vulkan.obj
         glfw.dir\Debug\window.obj
         glfw.dir\Debug\win32_init.obj
         glfw.dir\Debug\win32_joystick.obj
         glfw.dir\Debug\win32_monitor.obj
         glfw.dir\Debug\win32_time.obj
         glfw.dir\Debug\win32_tls.obj
         glfw.dir\Debug\win32_window.obj
         glfw.dir\Debug\wgl_context.obj
         glfw.dir\Debug\egl_context.obj  /machine:X86
         glfw.vcxproj -> H:\OpenGL\glfw-3.2.1\bulid\src\Debug\glfw3.lib
       FinalizeBuildStatus:
         正在删除文件“glfw.dir\Debug\glfw.unsuccessfulbuild”。
         正在对“glfw.dir\Debug\glfw.lastbuildstate”执行 Touch 任务。
     1>已完成生成项目“H:\OpenGL\glfw-3.2.1\bulid\src\glfw.vcxproj”(build 个目标)的操作。

生成成功。

已用时间 00:00:03.64
